Received reservation request: Array
(
    [selectedSection] => Reference Section
    [selectedDate] => 2023-12-07
    [selectedStartTime] => 10:00 AM
    [selectedEndTime] => 11:00 AM
    [selectedSeats] => R-T2-16
)
Received reservation request: Array
(
    [selectedSection] => Tech4ed Center
    [selectedDate] => 2023-11-22
    [selectedStartTime] => 8:00 AM
    [selectedEndTime] => 10:00 AM
    [selectedSeats] => T-T1-8
)
Received reservation request: Array
(
    [selectedSection] => Tech4ed Center
    [selectedDate] => 2023-11-29
    [selectedStartTime] => 8:00 AM
    [selectedEndTime] => 9:00 AM
    [selectedSeats] => T-T1-R1
)
Received reservation request: Array
(
    [selectedSection] => Circulation Section
    [selectedDate] => 2023-11-29
    [selectedStartTime] => 8:00 AM
    [selectedEndTime] => 9:00 AM
    [selectedSeats] => C-T1-R1
)
Received reservation request: Array
(
    [selectedSection] => Tech4ed Center
    [selectedDate] => 2023-11-23
    [selectedStartTime] => 8:00 AM
    [selectedEndTime] => 9:00 AM
    [selectedSeats] => T-T1-8
)
Received reservation request: Array
(
    [selectedSection] => Circulation Section
    [selectedDate] => 2023-11-29
    [selectedStartTime] => 8:00 AM
    [selectedEndTime] => 10:00 AM
    [selectedSeats] => C-T1-8
)
Received reservation request: Array
(
    [selectedSection] => Tech4ed Center
    [selectedDate] => 2023-11-29
    [selectedStartTime] => 8:00 AM
    [selectedEndTime] => 9:00 AM
    [selectedSeats] => T-T1-8
)
Received reservation request: Array
(
    [selectedSection] => Tech4ed Center
    [selectedDate] => 2023-11-29
    [selectedStartTime] => 8:00 AM
    [selectedEndTime] => 10:00 AM
    [selectedSeats] => T-T1-8
)
Received reservation request: Array
(
    [selectedSection] => Tech4ed Center
    [selectedDate] => 2023-11-09
    [selectedStartTime] => 9:00 AM
    [selectedEndTime] => 11:00 AM
    [selectedSeats] => T-T2-7
)
Received reservation request: Array
(
    [selectedSection] => Circulation Section
    [selectedDate] => 2023-11-29
    [selectedStartTime] => 11:00 AM
    [selectedEndTime] => 1:00 PM
    [selectedSeats] => C-T1-8
)
Received reservation request: Array
(
    [selectedSection] => Tech4ed Center
    [selectedDate] => 2023-11-29
    [selectedStartTime] => 8:00 AM
    [selectedEndTime] => 9:00 AM
    [selectedSeats] => T-T1-8
)
Received reservation request: Array
(
    [selectedSection] => Tech4ed Center
    [selectedDate] => 2023-11-29
    [selectedStartTime] => 8:00 AM
    [selectedEndTime] => 10:00 AM
    [selectedSeats] => T-T1-8
)
Received reservation request: Array
(
    [selectedSection] => Tech4ed Center
    [selectedDate] => 2023-11-29
    [selectedStartTime] => 9:00 AM
    [selectedEndTime] => 11:00 AM
    [selectedSeats] => T-T1-7
)
Received reservation request: Array
(
    [selectedSection] => Tech4ed Center
    [selectedDate] => 2023-11-29
    [selectedStartTime] => 8:00 AM
    [selectedEndTime] => 9:00 AM
    [selectedSeats] => T-T1-8
)
Received reservation request: Array
(
    [selectedSection] => Tech4ed Center
    [selectedDate] => 2023-11-09
    [selectedStartTime] => 8:00 AM
    [selectedEndTime] => 9:00 AM
    [selectedSeats] => T-T1-4
)
Received reservation request: Array
(
    [selectedSection] => Reference Section
    [selectedDate] => 2023-11-29
    [selectedStartTime] => 8:00 AM
    [selectedEndTime] => 10:00 AM
    [selectedSeats] => R-T1-R1
)
Received reservation request: Array
(
    [selectedSection] => Tech4ed Center
    [selectedDate] => 2023-11-29
    [selectedStartTime] => 8:00 AM
    [selectedEndTime] => 10:00 AM
    [selectedSeats] => T-T1-8,T-T2-8
)
Received reservation request: Array
(
    [selectedSection] => Tech4ed Center
    [selectedDate] => 2023-11-29
    [selectedStartTime] => 8:00 AM
    [selectedEndTime] => 9:00 AM
    [selectedSeats] => T-T1-8
)
Received reservation request: Array
(
    [selectedSection] => Tech4ed Center
    [selectedDate] => 2023-11-29
    [selectedStartTime] => 8:00 AM
    [selectedEndTime] => 11:00 AM
    [selectedSeats] => T-T1-8
)
Received reservation request: Array
(
    [selectedSection] => Circulation Section
    [selectedDate] => 2023-11-29
    [selectedStartTime] => 8:00 AM
    [selectedEndTime] => 11:00 AM
    [selectedSeats] => C-T1-3
)
Received reservation request: Array
(
    [selectedSection] => Circulation Section
    [selectedDate] => 2023-11-29
    [selectedStartTime] => 8:00 AM
    [selectedEndTime] => 11:00 AM
    [selectedSeats] => C-T1-13
)
Received reservation request: Array
(
    [selectedSection] => Tech4ed Center
    [selectedDate] => 2023-11-30
    [selectedStartTime] => 8:00 AM
    [selectedEndTime] => 10:00 AM
    [selectedSeats] => T-T1-7
)
Received reservation request: Array
(
    [selectedSection] => Tech4ed Center
    [selectedDate] => 2023-11-30
    [selectedStartTime] => 10:00 AM
    [selectedEndTime] => 11:00 AM
    [selectedSeats] => T-T1-7
)
Received reservation request: Array
(
    [selectedSection] => Tech4ed Center
    [selectedDate] => 2023-11-29
    [selectedStartTime] => 8:00 AM
    [selectedEndTime] => 11:00 AM
    [selectedSeats] => T-T1-4
)
Received reservation request: Array
(
    [selectedSection] => Reference Section
    [selectedDate] => 2023-11-29
    [selectedStartTime] => 8:00 AM
    [selectedEndTime] => 9:00 AM
    [selectedSeats] => R-T1-16
)
Received reservation request: Array
(
    [selectedSection] => Tech4ed Center
    [selectedDate] => 2023-11-29
    [selectedStartTime] => 8:00 AM
    [selectedEndTime] => 10:00 AM
    [selectedSeats] => T-T1-16
)
Received reservation request: Array
(
    [selectedSection] => Tech4ed Center
    [selectedDate] => 2023-11-30
    [selectedStartTime] => 8:00 AM
    [selectedEndTime] => 10:00 AM
    [selectedSeats] => T-T1-16
)
Received reservation request: Array
(
    [selectedSection] => Circulation Section
    [selectedDate] => 2023-11-30
    [selectedStartTime] => 8:00 AM
    [selectedEndTime] => 9:00 AM
    [selectedSeats] => C-T1-R1
)
Received reservation request: Array
(
    [selectedSection] => Circulation Section
    [selectedDate] => 2023-11-30
    [selectedStartTime] => 8:00 AM
    [selectedEndTime] => 10:00 AM
    [selectedSeats] => C-T1-7
)
Received reservation request: Array
(
    [selectedSection] => Circulation Section
    [selectedDate] => 2023-11-30
    [selectedStartTime] => 12:00 PM
    [selectedEndTime] => 1:00 PM
    [selectedSeats] => C-T1-12
)
Received reservation request: Array
(
    [selectedSection] => Circulation Section
    [selectedDate] => 2023-11-30
    [selectedStartTime] => 12:00 PM
    [selectedEndTime] => 2:00 PM
    [selectedSeats] => C-T1-3
)
Received reservation request: Array
(
    [selectedSection] => Circulation Section
    [selectedDate] => 2023-11-30
    [selectedStartTime] => 8:00 AM
    [selectedEndTime] => 11:00 AM
    [selectedSeats] => C-T1-1
)
Received reservation request: Array
(
    [selectedSection] => Circulation Section
    [selectedDate] => 2023-11-30
    [selectedStartTime] => 8:00 AM
    [selectedEndTime] => 11:00 AM
    [selectedSeats] => C-T1-8
)
Received reservation request: Array
(
    [selectedSection] => Tech4ed Center
    [selectedDate] => 2023-12-01
    [selectedStartTime] => 8:00 AM
    [selectedEndTime] => 9:00 AM
    [selectedSeats] => T-T1-8,T-T2-4
)
Received reservation request: Array
(
    [selectedSection] => Tech4ed Center
    [selectedDate] => 2023-12-01
    [selectedStartTime] => 8:00 AM
    [selectedEndTime] => 9:00 AM
    [selectedSeats] => T-T1-4,T-T2-7
)
Received reservation request: Array
(
    [selectedSection] => Circulation Section
    [selectedDate] => 2023-12-01
    [selectedStartTime] => 8:00 AM
    [selectedEndTime] => 10:00 AM
    [selectedSeats] => C-T1-6
)
Received reservation request: Array
(
    [selectedSection] => Tech4ed Center
    [selectedDate] => 2023-11-30
    [selectedStartTime] => 8:00 AM
    [selectedEndTime] => 9:00 AM
    [selectedSeats] => T-T1-8
)
Received reservation request: Array
(
    [selectedSection] => Tech4ed Center
    [selectedDate] => 2023-11-30
    [selectedStartTime] => 8:00 AM
    [selectedEndTime] => 10:00 AM
    [selectedSeats] => T-T2-7,T-T2-8
)
Received reservation request: Array
(
    [selectedSection] => Circulation Section
    [selectedDate] => 2023-12-08
    [selectedStartTime] => 11:00 AM
    [selectedEndTime] => 1:00 PM
    [selectedSeats] => C-T1-6
)
Received reservation request: Array
(
    [selectedSection] => Tech4ed Center
    [selectedDate] => 2023-11-30
    [selectedStartTime] => 8:00 AM
    [selectedEndTime] => 9:00 AM
    [selectedSeats] => T-T1-8
)
Received reservation request: Array
(
    [selectedSection] => Tech4ed Center
    [selectedDate] => 2023-11-30
    [selectedStartTime] => 8:00 AM
    [selectedEndTime] => 9:00 AM
    [selectedSeats] => T-T1-7,T-T1-8
)
Received reservation request: Array
(
    [selectedSection] => Tech4ed Center
    [selectedDate] => 2023-11-30
    [selectedStartTime] => 8:00 AM
    [selectedEndTime] => 9:00 AM
    [selectedSeats] => T-T1-8
)
Received reservation request: Array
(
    [selectedSection] => Tech4ed Center
    [selectedDate] => 2023-11-30
    [selectedStartTime] => 8:00 AM
    [selectedEndTime] => 10:00 AM
    [selectedSeats] => T-T1-7,T-T1-8
)
Received reservation request: Array
(
    [selectedSection] => Tech4ed Center
    [selectedDate] => 2023-11-30
    [selectedStartTime] => 8:00 AM
    [selectedEndTime] => 10:00 AM
    [selectedSeats] => T-T1-7,T-T1-8,T-T1-R1
)
Received reservation request: Array
(
    [selectedSection] => Tech4ed Center
    [selectedDate] => 2023-11-30
    [selectedStartTime] => 8:00 AM
    [selectedEndTime] => 10:00 AM
    [selectedSeats] => T-T1-7,T-T1-8
)
Received reservation request: Array
(
    [selectedSection] => Tech4ed Center
    [selectedDate] => 2023-11-30
    [selectedStartTime] => 8:00 AM
    [selectedEndTime] => 10:00 AM
    [selectedSeats] => T-T1-7,T-T1-8
)
Received reservation request: Array
(
    [selectedSection] => Circulation Section
    [selectedDate] => 2023-12-08
    [selectedStartTime] => 8:00 AM
    [selectedEndTime] => 11:00 AM
    [selectedSeats] => C-T1-15,C-T1-16
)
Received reservation request: Array
(
    [selectedSection] => Tech4ed Center
    [selectedDate] => 2023-11-30
    [selectedStartTime] => 8:00 AM
    [selectedEndTime] => 10:00 AM
    [selectedSeats] => T-T1-6,T-T1-7,T-T1-8
)
Received reservation request: Array
(
    [selectedSection] => Tech4ed Center
    [selectedDate] => 2023-12-08
    [selectedStartTime] => 8:00 AM
    [selectedEndTime] => 10:00 AM
    [selectedSeats] => T-T1-L1,T-T1-9,T-T1-10
)
Received reservation request: Array
(
    [selectedSection] => Tech4ed Center
    [selectedDate] => 2023-11-30
    [selectedStartTime] => 8:00 AM
    [selectedEndTime] => 10:00 AM
    [selectedSeats] => T-T1-L1,T-T1-9,T-T1-10,T-T1-11
)
Received reservation request: Array
(
    [selectedSection] => Tech4ed Center
    [selectedDate] => 2023-11-30
    [selectedStartTime] => 8:00 AM
    [selectedEndTime] => 11:00 AM
    [selectedSeats] => T-T1-9,T-T1-10,T-T1-11,T-T1-12,T-T1-13,T-T1-14,T-T1-15,T-T1-16,T-T1-R1
)
Received reservation request: Array
(
    [selectedSection] => Tech4ed Center
    [selectedDate] => 2023-12-08
    [selectedStartTime] => 8:00 AM
    [selectedEndTime] => 11:00 AM
    [selectedSeats] => T-T1-L1,T-T1-6,T-T1-7,T-T1-8
)
Received reservation request: Array
(
    [selectedSection] => Circulation Section
    [selectedDate] => 2023-12-05
    [selectedStartTime] => 8:00 AM
    [selectedEndTime] => 10:00 AM
    [selectedSeats] => C-T1-9
    [userId] => 5
)
Received reservation request: Array
(
    [selectedSection] => Tech4ed Center
    [selectedDate] => 2023-12-08
    [selectedStartTime] => 8:00 AM
    [selectedEndTime] => 11:00 AM
    [selectedSeats] => T-T1-8
    [userId] => 5
)
Received reservation request: Array
(
    [selectedSection] => Circulation Section
    [selectedDate] => 2023-11-30
    [selectedStartTime] => 8:00 AM
    [selectedEndTime] => 9:00 AM
    [selectedSeats] => C-T1-8
    [userId] => 5
)
Received reservation request: Array
(
    [selectedSection] => Circulation Section
    [selectedDate] => 2023-11-30
    [selectedStartTime] => 1:00 PM
    [selectedEndTime] => 2:00 PM
    [selectedSeats] => C-T1-R1
    [userId] => 5
)
Received reservation request: Array
(
    [selectedSection] => Circulation Section
    [selectedDate] => 2023-11-30
    [selectedStartTime] => 10:00 AM
    [selectedEndTime] => 2:00 PM
    [selectedSeats] => C-T1-11,C-T1-12,C-T1-13,C-T1-14
    [userId] => 5
)
Received reservation request: Array
(
    [selectedSection] => Circulation Section
    [selectedDate] => 2023-11-30
    [selectedStartTime] => 8:00 AM
    [selectedEndTime] => 9:00 AM
    [selectedSeats] => C-T1-6,C-T1-7
    [userId] => 14
)
Received reservation request: Array
(
    [selectedSection] => Circulation Section
    [selectedDate] => 2023-11-30
    [selectedStartTime] => 8:00 AM
    [selectedEndTime] => 9:00 AM
    [selectedSeats] => C-T1-1,C-T1-2
    [userId] => 14
)
Received reservation request: Array
(
    [selectedSection] => Circulation Section
    [selectedDate] => 2023-11-30
    [selectedStartTime] => 8:00 AM
    [selectedEndTime] => 9:00 AM
    [selectedSeats] => C-T1-9
    [userId] => 14
)
Received reservation request: Array
(
    [selectedSection] => Circulation Section
    [selectedDate] => 2023-11-30
    [selectedStartTime] => 8:00 AM
    [selectedEndTime] => 9:00 AM
    [selectedSeats] => C-T1-5
    [userId] => 14
)
Received reservation request: Array
(
    [selectedSection] => Circulation Section
    [selectedDate] => 2023-11-30
    [selectedStartTime] => 8:00 AM
    [selectedEndTime] => 11:00 AM
    [selectedSeats] => C-T1-5
    [userId] => 14
)
Received reservation request: Array
(
    [selectedSection] => Circulation Section
    [selectedDate] => Thu Nov 30 2023 08:00:00 GMT+0800 (Singapore Standard Time)
    [selectedStartTime] => 8:00 AM
    [selectedEndTime] => 11:00 AM
    [selectedSeats] => C-T1-16
    [userId] => 14
)
Received reservation request: Array
(
    [selectedSection] => Circulation Section
    [selectedDate] => 2023-11-30
    [selectedStartTime] => 8:00 AM
    [selectedEndTime] => 10:00 AM
    [selectedSeats] => C-T1-16
    [userId] => 14
)
Received reservation request: Array
(
    [selectedSection] => Circulation Section
    [selectedDate] => 2023-11-30
    [selectedStartTime] => 8:00 AM
    [selectedEndTime] => 10:00 AM
    [selectedSeats] => C-T1-16
    [userId] => 14
)
Received reservation request: Array
(
    [selectedSection] => Circulation Section
    [selectedDate] => 2023-11-30
    [selectedStartTime] => 8:00 AM
    [selectedEndTime] => 9:00 AM
    [selectedSeats] => C-T1-6,C-T1-7,C-T1-8
    [userId] => 30
)
Received reservation request: Array
(
    [selectedSection] => Reference Section
    [selectedDate] => 2023-11-28
    [selectedStartTime] => 10:00 AM
    [selectedEndTime] => 12:00 PM
    [selectedSeats] => R-T1-5
    [userId] => 30
)
Received reservation request: Array
(
    [selectedSection] => Bulacaniana Section
    [selectedDate] => 2023-12-01
    [selectedStartTime] => 12:00 PM
    [selectedEndTime] => 3:00 PM
    [selectedSeats] => B-T1-1,B-T1-2,B-T1-3,B-T1-4,B-T1-5
    [userId] => 30
)
Received reservation request: Array
(
    [selectedSection] => Circulation Section
    [selectedDate] => 2023-11-30
    [selectedStartTime] => 8:00 AM
    [selectedEndTime] => 11:00 AM
    [selectedSeats] => C-T1-2,C-T1-3,C-T1-4,C-T1-6,C-T1-7
    [userId] => 30
)
Received reservation request: Array
(
    [selectedSection] => Reference Section
    [selectedDate] => 2023-12-01
    [selectedStartTime] => 8:00 AM
    [selectedEndTime] => 10:00 AM
    [selectedSeats] => R-T1-4
    [userId] => 30
)
Received reservation request: Array
(
    [selectedSection] => Bulacaniana Section
    [selectedDate] => 2023-11-24
    [selectedStartTime] => 10:00 AM
    [selectedEndTime] => 11:00 AM
    [selectedSeats] => B-T2-2,B-T2-3,B-T2-4
    [userId] => 30
)
Received reservation request: Array
(
    [selectedSection] => Reference Section
    [selectedDate] => 2023-11-30
    [selectedStartTime] => 8:00 AM
    [selectedEndTime] => 9:00 AM
    [selectedSeats] => R-T1-6,R-T1-7
    [userId] => 30
)
Received reservation request: Array
(
    [selectedSection] => Circulation Section
    [selectedDate] => 2023-11-30
    [selectedStartTime] => 8:00 AM
    [selectedEndTime] => 9:00 AM
    [selectedSeats] => C-T1-8
    [userId] => 30
)
Received reservation request: Array
(
    [selectedSection] => Circulation Section
    [selectedDate] => 2023-11-30
    [selectedStartTime] => 9:00 AM
    [selectedEndTime] => 10:00 AM
    [selectedSeats] => C-T1-3
    [userId] => 30
)
Received reservation request: Array
(
    [selectedSection] => Circulation Section
    [selectedDate] => 2023-11-30
    [selectedStartTime] => 8:00 AM
    [selectedEndTime] => 11:00 AM
    [selectedSeats] => C-T1-6
    [userId] => 30
)
Received reservation request: Array
(
    [selectedSection] => Circulation Section
    [selectedDate] => 2023-11-30
    [selectedStartTime] => 8:00 AM
    [selectedEndTime] => 10:00 AM
    [selectedSeats] => C-T1-5,C-T1-6,C-T1-7,C-T1-8
    [userId] => 30
)
Received reservation request: Array
(
    [selectedSection] => Circulation Section
    [selectedDate] => 2023-11-24
    [selectedStartTime] => 8:00 AM
    [selectedEndTime] => 9:00 AM
    [selectedSeats] => C-T1-2
    [userId] => 30
)
Received reservation request: Array
(
    [selectedSection] => Circulation Section
    [selectedDate] => 2023-11-29
    [selectedStartTime] => 8:00 AM
    [selectedEndTime] => 9:00 AM
    [selectedSeats] => C-T1-12
    [userId] => 30
)
Received reservation request: Array
(
    [selectedSection] => Circulation Section
    [selectedDate] => 2023-11-30
    [selectedStartTime] => 8:00 AM
    [selectedEndTime] => 9:00 AM
    [selectedSeats] => C-T1-7
    [userId] => 2
)
Received reservation request: Array
(
    [selectedSection] => Circulation Section
    [selectedDate] => 2023-12-01
    [selectedStartTime] => 8:00 AM
    [selectedEndTime] => 11:00 AM
    [selectedSeats] => C-T1-6,C-T1-7,C-T1-8
    [userId] => 7
)
Received reservation request: Array
(
    [selectedSection] => Reference Section
    [selectedDate] => 2023-11-30
    [selectedStartTime] => 10:00 AM
    [selectedEndTime] => 12:00 PM
    [selectedSeats] => R-T1-5,R-T1-8,R-T1-16,R-T2-4,R-T2-5
    [userId] => 7
)
Received reservation request: Array
(
    [selectedSection] => Bulacaniana Section
    [selectedDate] => 2023-12-08
    [selectedStartTime] => 9:00 AM
    [selectedEndTime] => 12:00 PM
    [selectedSeats] => B-T1-1,B-T1-2,B-T1-3,B-T1-4,B-T1-5,B-T1-6
    [userId] => 7
)
Received reservation request: Array
(
    [selectedSection] => Circulation Section
    [selectedDate] => 2023-11-30
    [selectedStartTime] => 8:00 AM
    [selectedEndTime] => 9:00 AM
    [selectedSeats] => C-T1-2,C-T1-3
    [userId] => 9
)
Received reservation request: Array
(
    [selectedSection] => Circulation Section
    [selectedDate] => 2023-11-30
    [selectedStartTime] => 8:00 AM
    [selectedEndTime] => 11:00 AM
    [selectedSeats] => C-T1-13
    [userId] => 9
)
Received reservation request: Array
(
    [selectedSection] => Circulation Section
    [selectedDate] => 2023-11-30
    [selectedStartTime] => 8:00 AM
    [selectedEndTime] => 11:00 AM
    [selectedSeats] => C-T1-9,C-T1-10,C-T1-11,C-T1-16
    [userId] => 9
)
Received reservation request: Array
(
    [selectedSection] => Reference Section
    [selectedDate] => 2023-11-30
    [selectedStartTime] => 8:00 AM
    [selectedEndTime] => 10:00 AM
    [selectedSeats] => R-T1-2,R-T1-3
    [userId] => 10
)
Received reservation request: Array
(
    [selectedSection] => Reference Section
    [selectedDate] => 2023-11-30
    [selectedStartTime] => 9:00 AM
    [selectedEndTime] => 11:00 AM
    [selectedSeats] => R-T1-12,R-T1-13
    [userId] => 10
)
Received reservation request: Array
(
    [selectedSection] => Bulacaniana Section
    [selectedDate] => 2023-12-15
    [selectedStartTime] => 2:00 PM
    [selectedEndTime] => 4:00 PM
    [selectedSeats] => B-T1-13,B-T1-14
    [userId] => 10
)
Received reservation request: Array
(
    [selectedSection] => Filipiniana Section
    [selectedDate] => 2023-11-30
    [selectedStartTime] => 8:00 AM
    [selectedEndTime] => 9:00 AM
    [selectedSeats] => F-T1-7,F-T1-8,F-T1-R1
    [userId] => 11
)
Received reservation request: Array
(
    [selectedSection] => Filipiniana Section
    [selectedDate] => 2023-12-15
    [selectedStartTime] => 8:00 AM
    [selectedEndTime] => 10:00 AM
    [selectedSeats] => F-T2-1,F-T2-2,F-T2-3,F-T2-4,F-T2-5,F-T2-6,F-T2-7,F-T2-8
    [userId] => 11
)
Received reservation request: Array
(
    [selectedSection] => Filipiniana Section
    [selectedDate] => 2023-11-28
    [selectedStartTime] => 9:00 AM
    [selectedEndTime] => 10:00 AM
    [selectedSeats] => F-T1-3,F-T1-4
    [userId] => 11
)
Received reservation request: Array
(
    [selectedSection] => Circulation Section
    [selectedDate] => 2023-11-30
    [selectedStartTime] => 8:00 AM
    [selectedEndTime] => 9:00 AM
    [selectedSeats] => C-T1-6,C-T1-7,C-T1-8
    [userId] => 11
)
Received reservation request: Array
(
    [selectedSection] => Circulation Section
    [selectedDate] => 2023-11-29
    [selectedStartTime] => 8:00 AM
    [selectedEndTime] => 9:00 AM
    [selectedSeats] => C-T1-1,C-T1-2,C-T1-3
    [userId] => 11
)
Received reservation request: Array
(
    [selectedSection] => Circulation Section
    [selectedDate] => 2023-12-01
    [selectedStartTime] => 8:00 AM
    [selectedEndTime] => 11:00 AM
    [selectedSeats] => C-T1-13,C-T1-14,C-T1-15,C-T1-16
    [userId] => 11
)
Received reservation request: Array
(
    [selectedSection] => Circulation Section
    [selectedDate] => 2023-11-29
    [selectedStartTime] => 10:00 AM
    [selectedEndTime] => 11:00 AM
    [selectedSeats] => C-T1-4,C-T1-5,C-T1-12,C-T1-13
    [userId] => 11
)
Received reservation request: Array
(
    [selectedSection] => Circulation Section
    [selectedDate] => 2023-11-30
    [selectedStartTime] => 8:00 AM
    [selectedEndTime] => 9:00 AM
    [selectedSeats] => C-T1-7
    [userId] => 11
)
Received reservation request: Array
(
    [selectedSection] => Circulation Section
    [selectedDate] => 2023-11-30
    [selectedStartTime] => 8:00 AM
    [selectedEndTime] => 9:00 AM
    [selectedSeats] => C-T1-6
    [userId] => 11
)
Received reservation request: Array
(
    [selectedSection] => Circulation Section
    [selectedDate] => 2023-11-30
    [selectedStartTime] => 8:00 AM
    [selectedEndTime] => 9:00 AM
    [selectedSeats] => C-T1-6,C-T1-7,C-T1-8
    [userId] => 11
)
Received reservation request: Array
(
    [selectedSection] => Circulation Section
    [selectedDate] => 2023-11-30
    [selectedStartTime] => 8:00 AM
    [selectedEndTime] => 9:00 AM
    [selectedSeats] => C-T1-7
    [userId] => 11
)
Received reservation request: Array
(
    [selectedSection] => Circulation Section
    [selectedDate] => 2023-11-30
    [selectedStartTime] => 8:00 AM
    [selectedEndTime] => 9:00 AM
    [selectedSeats] => C-T1-8
    [userId] => 11
)
Received reservation request: Array
(
    [selectedSection] => Circulation Section
    [selectedDate] => 2023-11-30
    [selectedStartTime] => 8:00 AM
    [selectedEndTime] => 9:00 AM
    [selectedSeats] => C-T1-8
    [userId] => 11
)
Received reservation request: Array
(
    [selectedSection] => Circulation Section
    [selectedDate] => 2023-11-30
    [selectedStartTime] => 8:00 AM
    [selectedEndTime] => 9:00 AM
    [selectedSeats] => C-T1-8
    [userId] => 11
)
Received reservation request: Array
(
    [selectedSection] => Circulation Section
    [selectedDate] => 2023-11-30
    [selectedStartTime] => 8:00 AM
    [selectedEndTime] => 9:00 AM
    [selectedSeats] => C-T1-8
    [userId] => 11
)
Received reservation request: Array
(
    [selectedSection] => Circulation Section
    [selectedDate] => 2023-11-30
    [selectedStartTime] => 8:00 AM
    [selectedEndTime] => 9:00 AM
    [selectedSeats] => C-T1-8
    [userId] => 11
)
Received reservation request: Array
(
    [selectedSection] => Circulation Section
    [selectedDate] => 2023-11-30
    [selectedStartTime] => 8:00 AM
    [selectedEndTime] => 9:00 AM
    [selectedSeats] => C-T1-7
    [userId] => 11
)
Received reservation request: Array
(
    [selectedSection] => Circulation Section
    [selectedDate] => 2023-11-30
    [selectedStartTime] => 8:00 AM
    [selectedEndTime] => 9:00 AM
    [selectedSeats] => C-T1-8
    [userId] => 11
)
Received reservation request: Array
(
    [selectedSection] => Circulation Section
    [selectedDate] => 2023-11-30
    [selectedStartTime] => 8:00 AM
    [selectedEndTime] => 9:00 AM
    [selectedSeats] => C-T1-8
    [userId] => 11
)
Received reservation request: Array
(
    [selectedSection] => Circulation Section
    [selectedDate] => 2023-11-30
    [selectedStartTime] => 9:00 AM
    [selectedEndTime] => 10:00 AM
    [selectedSeats] => C-T1-8
    [userId] => 11
)
Received reservation request: Array
(
    [selectedSection] => Circulation Section
    [selectedDate] => 2023-11-30
    [selectedStartTime] => 8:00 AM
    [selectedEndTime] => 9:00 AM
    [selectedSeats] => C-T1-8
    [userId] => 11
)
Received reservation request: Array
(
    [selectedSection] => Circulation Section
    [selectedDate] => 2023-11-30
    [selectedStartTime] => 8:00 AM
    [selectedEndTime] => 9:00 AM
    [selectedSeats] => C-T1-8
    [userId] => 11
)
Received reservation request: Array
(
    [selectedSection] => Circulation Section
    [selectedDate] => 2023-11-30
    [selectedStartTime] => 8:00 AM
    [selectedEndTime] => 9:00 AM
    [selectedSeats] => C-T1-8
    [userId] => 11
)
Received reservation request: Array
(
    [selectedSection] => Circulation Section
    [selectedDate] => 2023-11-30
    [selectedStartTime] => 8:00 AM
    [selectedEndTime] => 9:00 AM
    [selectedSeats] => C-T1-8
    [userId] => 11
)
Received reservation request: Array
(
    [selectedSection] => Circulation Section
    [selectedDate] => 2023-11-30
    [selectedStartTime] => 8:00 AM
    [selectedEndTime] => 9:00 AM
    [selectedSeats] => C-T1-8
    [userId] => 11
)
Received reservation request: Array
(
    [selectedSection] => Circulation Section
    [selectedDate] => 2023-11-30
    [selectedStartTime] => 8:00 AM
    [selectedEndTime] => 9:00 AM
    [selectedSeats] => C-T1-7
    [userId] => 11
)
Received reservation request: Array
(
    [selectedSection] => Circulation Section
    [selectedDate] => 2023-11-30
    [selectedStartTime] => 8:00 AM
    [selectedEndTime] => 9:00 AM
    [selectedSeats] => C-T1-7
    [userId] => 11
)
Received reservation request: Array
(
    [selectedSection] => Circulation Section
    [selectedDate] => 2023-11-30
    [selectedStartTime] => 8:00 AM
    [selectedEndTime] => 9:00 AM
    [selectedSeats] => C-T1-7
    [userId] => 11
)
